Retrieving project…
Deploying saggarsonny-3909s-projects/activity-partner
Uploading [--------------------] (0.0B/76B)
Uploading [====================] (76.0B/76B)
Inspect: https://vercel.com/saggarsonny-3909s-projects/activity-partner/CY6ka1Sgyfk4GF8ktvCD8CNkTPUq [3s]
Production: https://activity-partner-ewsq2oxlf-saggarsonny-3909s-projects.vercel.app [3s]
https://activity-partner-ewsq2oxlf-saggarsonny-3909s-projects.vercel.appBuilding...
Building...
Building: Running build in Washington, D.C., USA (East) – iad1
Building: Build machine configuration: 4 cores, 8 GB
Building: Retrieving list of deployment files...
Building: Previous build caches not available.
Building: Downloading 703 deployment files...
Building: Running "vercel build"
Building: Vercel CLI 53.3.2
Building: Installing dependencies...
Building: added 65 packages in 8s
Building: 8 packages are looking for funding
Building: run `npm fund` for details
Building: Detected Next.js version: 16.2.3
Building: Running "npm run build"
Building: > hive-activity-partner@0.1.0 build
Building: > next build
Building: ⚠ `eslint` configuration in next.config.js is no longer supported. See more info here: https://nextjs.org/docs/app/api-reference/cli/next#next-lint-options
Building: ⚠ Invalid next.config.js options detected:
Building: ⚠     Unrecognized key(s) in object: 'eslint'
Building: ⚠ See more info here: https://nextjs.org/docs/messages/invalid-next-config
Building: Applying modifyConfig from Vercel
Building: Attention: Next.js now collects completely anonymous telemetry regarding usage.
Building: This information is used to shape Next.js' roadmap and prioritize features.
Building: You can learn more, including how to opt-out if you'd not like to participate in this anonymous program, by visiting the following URL:
Building: https://nextjs.org/telemetry
Building: ▲ Next.js 16.2.3 (Turbopack)
Building: ⚠ The "middleware" file convention is deprecated. Please use "proxy" instead. Learn more: https://nextjs.org/docs/messages/middleware-to-proxy
Building: Creating an optimized production build ...
Building: ✓ Compiled successfully in 6.7s
Building: Skipping validation of types
Building: We detected TypeScript in your project and reconfigured your tsconfig.json file for you.
Building: The following suggested values were added to your tsconfig.json. These values can be changed to fit your project's needs:
Building: - include was updated to add '.next/dev/types/**/*.ts'
Building: The following mandatory changes were made to your tsconfig.json:
Building: - jsx was set to react-jsx (next.js uses the React automatic runtime)
Building: Finished TypeScript config validation in 19ms ...
Building: Collecting page data using 3 workers ...
Building: Generating static pages using 3 workers (0/8) ...
Building: Error occurred prerendering page "/". Read more: https://nextjs.org/docs/messages/prerender-error
Building: Error: @clerk/clerk-react: Missing publishableKey. You can get your key at https://dashboard.clerk.com/last-active?path=api-keys.
Building: at Object.throwMissingPublishableKeyError (.next/server/chunks/ssr/0vlg_0n8m4.g._.js:12:1720)
Building: at <unknown> (.next/server/chunks/ssr/0vlg_0n8m4.g._.js:19:58717) {
Building: digest: '1497006365'
Building: }
Building: Export encountered an error on /page: /, exiting the build.
Building: ⨯ Next.js build worker exited with code: 1 and signal: null
Building: Error: Command "npm run build" exited with 1
Error: Command "npm run build" exited with 1
