Retrieving project…
Deploying saggarsonny-3909s-projects/hive-hemodynamics
Uploading [--------------------] (0.0B/390.3KB)
Uploading [=====---------------] (99.7KB/390.3KB)
Uploading [==========----------] (197.8KB/390.3KB)
Uploading [===============-----] (293.5KB/390.3KB)
Uploading [====================] (390.3KB/390.3KB)
Inspect: https://vercel.com/saggarsonny-3909s-projects/hive-hemodynamics/A4WRxmCzCUL1rzkfhD5qdeza9Pwf [4s]
Production: https://hive-hemodynamics-iltovkdy8-saggarsonny-3909s-projects.vercel.app [4s]
Building...
Building...
Building: Running build in Washington, D.C., USA (East) – iad1
Building: Build machine configuration: 4 cores, 8 GB
Building: Retrieving list of deployment files...
Building: Downloading 908 deployment files...
Building: Restored build cache from previous deployment (Du4r7GkKdqfsZFjCMG3dKKxPeQv6)
Building: Running "vercel build"
Building: Vercel CLI 53.3.2
Building: Installing dependencies...
Building: added 16 packages in 2s
Building: 21 packages are looking for funding
Building: run `npm fund` for details
Building: Detected Next.js version: 16.2.3
Building: Running "npm run build"
Building: > hive-hemodynamics@0.1.0 build
Building: > next build
Building: ⚠ `eslint` configuration in next.config.js is no longer supported. See more info here: https://nextjs.org/docs/app/api-reference/cli/next#next-lint-options
Building: ⚠ Invalid next.config.js options detected:
Building: ⚠     Unrecognized key(s) in object: 'eslint'
Building: ⚠ See more info here: https://nextjs.org/docs/messages/invalid-next-config
Building: ⚠ Both `outputFileTracingRoot` and `turbopack.root` are set, but they must have the same value.
Building: Using `outputFileTracingRoot` value: /vercel/path0.
Building: Applying modifyConfig from Vercel
Building: ▲ Next.js 16.2.3 (Turbopack)
Building: Creating an optimized production build ...
Building: ⚠ Both `outputFileTracingRoot` and `turbopack.root` are set, but they must have the same value.
Building: Using `outputFileTracingRoot` value: /vercel/path0.
Building: ✓ Compiled successfully in 5.9s
Building: Skipping validation of types
Building: Finished TypeScript config validation in 8ms ...
Building: Collecting page data using 3 workers ...
Building: Generating static pages using 3 workers (0/8) ...
Building: Generating static pages using 3 workers (2/8)
Building: Generating static pages using 3 workers (4/8)
Building: Generating static pages using 3 workers (6/8)
Building: ✓ Generating static pages using 3 workers (8/8) in 189ms
Building: Finalizing page optimization ...
Building: Running onBuildComplete from Vercel
Building: Route (app)
Building: ┌ ○ /
Building: ├ ○ /_not-found
Building: ├ ƒ /api/ai/analyze-notes
Building: ├ ƒ /api/emr/ingest
Building: ├ ƒ /api/explain
Building: ├ ƒ /api/extract-report
Building: ├ ƒ /api/health
Building: ├ ƒ /api/v1/compute
Building: ├ ○ /plainscan
Building: └ ○ /sitemap.xml
Building: ○  (Static)   prerendered as static content
Building: ƒ  (Dynamic)  server-rendered on demand
Building: Build Completed in /vercel/output [10s]
Building: Deploying outputs...
[2K[1A[2K[GProduction: https://hive-hemodynamics-iltovkdy8-saggarsonny-3909s-projects.vercel.app [26s]
Completing...
Aliased: https://hemodynamics.hive.baby [26s]
{
  "status": "ok",
  "deployment": {
    "id": "dpl_A4WRxmCzCUL1rzkfhD5qdeza9Pwf",
    "url": "https://hive-hemodynamics-iltovkdy8-saggarsonny-3909s-projects.vercel.app",
    "inspectorUrl": "https://vercel.com/saggarsonny-3909s-projects/hive-hemodynamics/A4WRxmCzCUL1rzkfhD5qdeza9Pwf",
    "readyState": "READY",
    "target": "production",
    "deploymentApiUrl": "https://api.vercel.com/v13/deployments/dpl_A4WRxmCzCUL1rzkfhD5qdeza9Pwf"
  },
  "message": "Deployment hive-hemodynamics-iltovkdy8-saggarsonny-3909s-projects.vercel.app ready.",
  "next": [
    {
      "command": "vercel inspect hive-hemodynamics-iltovkdy8-saggarsonny-3909s-projects.vercel.app",
      "when": "Inspect deployment"
    },
    {
      "command": "vercel deploy --prod",
      "when": "Promote to production"
    }
  ]
}
