Retrieving project…
Deploying saggarsonny-3909s-projects/hive-hemodynamics
Uploading [--------------------] (0.0B/107.4KB)
Uploading [=====---------------] (27.0KB/107.4KB)
Uploading [==========----------] (53.9KB/107.4KB)
Uploading [=================---] (93.8KB/107.4KB)
Uploading [====================] (107.4KB/107.4KB)
Inspect: https://vercel.com/saggarsonny-3909s-projects/hive-hemodynamics/DiCHjxzcYvCF8mPogJ6UzEV8QdSa [3s]
Production: https://hive-hemodynamics-12i6d3qo3-saggarsonny-3909s-projects.vercel.app [3s]
Building...
Building...
Building: Running build in Washington, D.C., USA (East) – iad1
Building: Build machine configuration: 4 cores, 8 GB
Building: Retrieving list of deployment files...
Building: Downloading 905 deployment files...
Building: Restored build cache from previous deployment (Du4r7GkKdqfsZFjCMG3dKKxPeQv6)
Building: Running "vercel build"
Building: Vercel CLI 53.3.2
Building: Installing dependencies...
Building: added 16 packages in 2s
Building: 21 packages are looking for funding
Building: run `npm fund` for details
Building: Detected Next.js version: 16.2.3
Building: Running "npm run build"
Building: > hive-hemodynamics@0.1.0 build
Building: > next build
Building: ⚠ `eslint` configuration in next.config.js is no longer supported. See more info here: https://nextjs.org/docs/app/api-reference/cli/next#next-lint-options
Building: ⚠ Invalid next.config.js options detected:
Building: ⚠     Unrecognized key(s) in object: 'eslint'
Building: ⚠ See more info here: https://nextjs.org/docs/messages/invalid-next-config
Building: ⚠ Both `outputFileTracingRoot` and `turbopack.root` are set, but they must have the same value.
Building: Using `outputFileTracingRoot` value: /vercel/path0.
Building: Applying modifyConfig from Vercel
Building: ▲ Next.js 16.2.3 (Turbopack)
Building: Creating an optimized production build ...
Building: ⚠ Both `outputFileTracingRoot` and `turbopack.root` are set, but they must have the same value.
Building: Using `outputFileTracingRoot` value: /vercel/path0.
Building: > Build error occurred
Building: Error: Turbopack build failed with 2 errors:
Building: ./apps/hive-hemodynamics/app/page.tsx:4:1
Building: Export default doesn't exist in target module
Building: 2 |
Building: 3 | import { useState, useEffect } from "react";
Building: > 4 | import Joyride, { Step } from "react-joyride";
Building: | ^^^^^^^^^^^^^^^^^^^^^^^^^^^^^^^^^^^^^^^^^^^^^^
Building: 5 | import { Activity, BrainCircuit, HeartPulse, HardDriveDownload, FileText, ChevronRight } fr...
Building: 6 |
Building: 7 | export default function EnterpriseHemodynamics() {
Building: The export default was not found in module [project]/apps/hive-hemodynamics/node_modules/react-joyride/dist/index.mjs [app-client] (ecmascript).
Building: Did you mean to import defaultLocale?
Building: All exports of the module are statically known (It doesn't have dynamic exports). So it's known statically that the requested export doesn't exist.
Building: Import traces:
Building: Client Component Browser:
Building: ./apps/hive-hemodynamics/app/page.tsx [Client Component Browser]
Building: ./apps/hive-hemodynamics/app/page.tsx [Server Component]
Building: Client Component SSR:
Building: ./apps/hive-hemodynamics/app/page.tsx [Client Component SSR]
Building: ./apps/hive-hemodynamics/app/page.tsx [Server Component]
Building: ./apps/hive-hemodynamics/app/page.tsx:4:1
Building: Export default doesn't exist in target module
Building: 2 |
Building: 3 | import { useState, useEffect } from "react";
Building: > 4 | import Joyride, { Step } from "react-joyride";
Building: | ^^^^^^^^^^^^^^^^^^^^^^^^^^^^^^^^^^^^^^^^^^^^^^
Building: 5 | import { Activity, BrainCircuit, HeartPulse, HardDriveDownload, FileText, ChevronRight } fr...
Building: 6 |
Building: 7 | export default function EnterpriseHemodynamics() {
Building: The export default was not found in module [project]/apps/hive-hemodynamics/node_modules/react-joyride/dist/index.mjs [app-ssr] (ecmascript).
Building: Did you mean to import defaultLocale?
Building: All exports of the module are statically known (It doesn't have dynamic exports). So it's known statically that the requested export doesn't exist.
Building: Import traces:
Building: Client Component Browser:
Building: ./apps/hive-hemodynamics/app/page.tsx [Client Component Browser]
Building: ./apps/hive-hemodynamics/app/page.tsx [Server Component]
Building: Client Component SSR:
Building: ./apps/hive-hemodynamics/app/page.tsx [Client Component SSR]
Building: ./apps/hive-hemodynamics/app/page.tsx [Server Component]
Building: at <unknown> (./apps/hive-hemodynamics/app/page.tsx:4:1)
Building: at <unknown> (./apps/hive-hemodynamics/app/page.tsx:4:1)
Building: Error: Command "npm run build" exited with 1
{
  "id": "dpl_DiCHjxzcYvCF8mPogJ6UzEV8QdSa",
  "url": "https://hive-hemodynamics-12i6d3qo3-saggarsonny-3909s-projects.vercel.app",
  "inspectorUrl": "https://vercel.com/saggarsonny-3909s-projects/hive-hemodynamics/DiCHjxzcYvCF8mPogJ6UzEV8QdSa",
  "readyState": "ERROR",
  "target": "production",
  "deploymentApiUrl": "https://api.vercel.com/v13/deployments/dpl_DiCHjxzcYvCF8mPogJ6UzEV8QdSa",
  "error": {
    "name": "BUILD_ERROR",
    "message": "Command \"npm run build\" exited with 1"
  }
}
