Retrieving project…
Deploying saggarsonny-3909s-projects/hive-hemodynamics
Uploading [--------------------] (0.0B/24.4KB)
Uploading [===========---------] (14.4KB/24.4KB)
Uploading [===============-----] (19.3KB/24.4KB)
Uploading [====================] (24.4KB/24.4KB)
Inspect: https://vercel.com/saggarsonny-3909s-projects/hive-hemodynamics/5L4wCMZL56J8A2UBgMgXg6EfcpS3 [4s]
Production: https://hive-hemodynamics-3hpl5t8x9-saggarsonny-3909s-projects.vercel.app [4s]
Building...
Building...
Building: Running build in Washington, D.C., USA (East) – iad1
Building: Build machine configuration: 4 cores, 8 GB
Building: Retrieving list of deployment files...
Building: Downloading 906 deployment files...
Building: Restored build cache from previous deployment (Du4r7GkKdqfsZFjCMG3dKKxPeQv6)
Building: Running "vercel build"
Building: Vercel CLI 53.3.2
Building: Installing dependencies...
Building: added 16 packages in 2s
Building: 21 packages are looking for funding
Building: run `npm fund` for details
Building: Detected Next.js version: 16.2.3
Building: Running "npm run build"
Building: > hive-hemodynamics@0.1.0 build
Building: > next build
Building: ⚠ `eslint` configuration in next.config.js is no longer supported. See more info here: https://nextjs.org/docs/app/api-reference/cli/next#next-lint-options
Building: ⚠ Invalid next.config.js options detected:
Building: ⚠     Unrecognized key(s) in object: 'eslint'
Building: ⚠ See more info here: https://nextjs.org/docs/messages/invalid-next-config
Building: ⚠ Both `outputFileTracingRoot` and `turbopack.root` are set, but they must have the same value.
Building: Using `outputFileTracingRoot` value: /vercel/path0.
Building: Applying modifyConfig from Vercel
Building: ▲ Next.js 16.2.3 (Turbopack)
Building: Creating an optimized production build ...
Building: ⚠ Both `outputFileTracingRoot` and `turbopack.root` are set, but they must have the same value.
Building: Using `outputFileTracingRoot` value: /vercel/path0.
{
  "id": "dpl_5L4wCMZL56J8A2UBgMgXg6EfcpS3",
  "url": "https://hive-hemodynamics-3hpl5t8x9-saggarsonny-3909s-projects.vercel.app",
  "inspectorUrl": "https://vercel.com/saggarsonny-3909s-projects/hive-hemodynamics/5L4wCMZL56J8A2UBgMgXg6EfcpS3",
  "readyState": "ERROR",
  "target": "production",
  "deploymentApiUrl": "https://api.vercel.com/v13/deployments/dpl_5L4wCMZL56J8A2UBgMgXg6EfcpS3",
  "error": {
    "name": "BUILD_ERROR",
    "message": "Command \"npm run build\" exited with 1"
  }
}
