Retrieving project…
Deploying saggarsonny-3909s-projects/ud-signer
Uploading [--------------------] (0.0B/3.3KB)
Uploading [=====---------------] (915.0B/3.3KB)
Uploading [==========----------] (1.7KB/3.3KB)
Uploading [====================] (3.3KB/3.3KB)
Inspect: https://vercel.com/saggarsonny-3909s-projects/ud-signer/fiX55CxC5By6i54XQJvMG6B6UUy9 [3s]
Production: https://ud-signer-8qau00zo3-saggarsonny-3909s-projects.vercel.app [3s]
Building...
Building...
Building: Running build in Washington, D.C., USA (East) – iad1
Building: Build machine configuration: 4 cores, 8 GB
Building: Retrieving list of deployment files...
Building: Downloading 798 deployment files...
Building: Restored build cache from previous deployment (7z9avVAA7NRJxGbrEwiBPbqiDeTX)
Building: Running "vercel build"
Building: Vercel CLI 53.3.2
Building: Installing dependencies...
Building: up to date in 2s
Building: 3 packages are looking for funding
Building: run `npm fund` for details
Building: Detected Next.js version: 14.2.3
Building: Running "npm run build"
Building: > ud-signer@0.1.0 build
Building: > next build
Building: ▲ Next.js 14.2.3
Building: Creating an optimized production build ...
Building: ✓ Compiled successfully
Building: Linting and checking validity of types ...
Building: Collecting page data ...
Building: Generating static pages (0/10) ...
Building: Generating static pages (2/10)
Building: Generating static pages (4/10)
Building: Generating static pages (7/10)
Building: ✓ Generating static pages (10/10)
Building: Finalizing page optimization ...
Building: Collecting build traces ...
Building: Route (app)                              Size     First Load JS
Building: ┌ ○ /                                    3.72 kB        90.9 kB
Building: ├ ○ /_not-found                          871 B          88.1 kB
Building: ├ ƒ /api/seal                            0 B                0 B
Building: ├ ƒ /api/sign                            0 B                0 B
Building: ├ ○ /icon.png                            0 B                0 B
Building: ├ ○ /sign                                179 kB          267 kB
Building: ├ ○ /sitemap.xml                         0 B                0 B
Building: └ ○ /verify                              2.93 kB        90.1 kB
Building: + First Load JS shared by all            87.2 kB
Building: ├ chunks/23-d489f5c159ad1fef.js        31.6 kB
Building: ├ chunks/fd9d1056-23bdddb1df3a91c8.js  53.6 kB
Building: └ other shared chunks (total)          1.95 kB
Building: ○  (Static)   prerendered as static content
Building: ƒ  (Dynamic)  server-rendered on demand
Building: Traced Next.js server files in: 37.383ms
Building: Created all serverless functions in: 121.937ms
Building: Collected static files (public/, static/, .next/static): 5.454ms
Building: Build Completed in /vercel/output [28s]
Building: Deploying outputs...
[2K[1A[2K[GProduction: https://ud-signer-8qau00zo3-saggarsonny-3909s-projects.vercel.app [46s]
Completing...
Aliased: https://signer.hive.baby [46s]
{
  "status": "ok",
  "deployment": {
    "id": "dpl_fiX55CxC5By6i54XQJvMG6B6UUy9",
    "url": "https://ud-signer-8qau00zo3-saggarsonny-3909s-projects.vercel.app",
    "inspectorUrl": "https://vercel.com/saggarsonny-3909s-projects/ud-signer/fiX55CxC5By6i54XQJvMG6B6UUy9",
    "readyState": "READY",
    "target": "production",
    "deploymentApiUrl": "https://api.vercel.com/v13/deployments/dpl_fiX55CxC5By6i54XQJvMG6B6UUy9"
  },
  "message": "Deployment ud-signer-8qau00zo3-saggarsonny-3909s-projects.vercel.app ready.",
  "next": [
    {
      "command": "vercel inspect ud-signer-8qau00zo3-saggarsonny-3909s-projects.vercel.app",
      "when": "Inspect deployment"
    },
    {
      "command": "vercel deploy --prod",
      "when": "Promote to production"
    }
  ]
}
