Retrieving project…
Deploying saggarsonny-3909s-projects/the-new-physician
Uploading [--------------------] (0.0B/15.9KB)
Uploading [====================] (15.9KB/15.9KB)
Inspect: https://vercel.com/saggarsonny-3909s-projects/the-new-physician/DJCWu9KcUENmBXFbbkqoMssyWGTc [1s]
Production: https://the-new-physician-fodwfizt0-saggarsonny-3909s-projects.vercel.app [1s]
Building...
Building...
Building: Running build in Washington, D.C., USA (East) – iad1
Building: Build machine configuration: 4 cores, 8 GB
Building: Retrieving list of deployment files...
Building: Downloading 24 deployment files...
Building: Restored build cache from previous deployment (4Fjy4uodv1meZJv3bFnZvwpNUPPS)
Building: Running "vercel build"
Building: Vercel CLI 53.3.2
Building: Installing dependencies...
Building: up to date in 779ms
Building: 143 packages are looking for funding
Building: run `npm fund` for details
Building: Detected Next.js version: 16.2.6
Building: Running "npm run build"
Building: > the-new-physician@0.1.0 build
Building: > next build
Building: Applying modifyConfig from Vercel
Building: ▲ Next.js 16.2.6 (Turbopack)
Building: Creating an optimized production build ...
Building: ✓ Compiled successfully in 3.6s
Building: Running TypeScript ...
Building: Finished TypeScript in 2.4s ...
Building: Collecting page data using 3 workers ...
Building: Generating static pages using 3 workers (0/4) ...
Building: Generating static pages using 3 workers (1/4)
Building: Generating static pages using 3 workers (2/4)
Building: Generating static pages using 3 workers (3/4)
Building: ✓ Generating static pages using 3 workers (4/4) in 162ms
Building: Finalizing page optimization ...
Building: Running onBuildComplete from Vercel
Building: Route (app)
Building: ┌ ○ /
Building: └ ○ /_not-found
Building: ○  (Static)  prerendered as static content
Building: Build Completed in /vercel/output [9s]
Building: Deploying outputs...
Building: Deployment completed
Building: Creating build cache...
[2K[1A[2K[GProduction: https://the-new-physician-fodwfizt0-saggarsonny-3909s-projects.vercel.app [22s]
Completing...
Aliased: https://newphysician.org [22s]
{
  "status": "ok",
  "deployment": {
    "id": "dpl_DJCWu9KcUENmBXFbbkqoMssyWGTc",
    "url": "https://the-new-physician-fodwfizt0-saggarsonny-3909s-projects.vercel.app",
    "inspectorUrl": "https://vercel.com/saggarsonny-3909s-projects/the-new-physician/DJCWu9KcUENmBXFbbkqoMssyWGTc",
    "readyState": "READY",
    "target": "production",
    "deploymentApiUrl": "https://api.vercel.com/v13/deployments/dpl_DJCWu9KcUENmBXFbbkqoMssyWGTc"
  },
  "message": "Deployment the-new-physician-fodwfizt0-saggarsonny-3909s-projects.vercel.app ready.",
  "next": [
    {
      "command": "vercel inspect the-new-physician-fodwfizt0-saggarsonny-3909s-projects.vercel.app",
      "when": "Inspect deployment"
    },
    {
      "command": "vercel deploy --prod",
      "when": "Promote to production"
    }
  ]
}
