Retrieving project…
Deploying saggarsonny-3909s-projects/the-new-physician
Uploading [--------------------] (0.0B/19.6KB)
Uploading [====================] (19.6KB/19.6KB)
Inspect: https://vercel.com/saggarsonny-3909s-projects/the-new-physician/HoSZ9a7mtKphMwGo7tFWbtAcFjSK [2s]
Production: https://the-new-physician-ao4wj5424-saggarsonny-3909s-projects.vercel.app [2s]
Building...
Building...
Building: Running build in Washington, D.C., USA (East) – iad1
Building: Build machine configuration: 4 cores, 8 GB
Building: Retrieving list of deployment files...
Building: Downloading 31 deployment files...
Building: Restored build cache from previous deployment (En8LnZtQF9TaZfXoyFysqKK8riQN)
Building: Running "vercel build"
Building: Vercel CLI 53.3.2
Building: Installing dependencies...
Building: up to date in 975ms
Building: 143 packages are looking for funding
Building: run `npm fund` for details
Building: Detected Next.js version: 16.2.6
Building: Running "npm run build"
Building: > the-new-physician@0.1.0 build
Building: > next build
Building: Applying modifyConfig from Vercel
Building: ▲ Next.js 16.2.6 (Turbopack)
Building: Creating an optimized production build ...
Building: ✓ Compiled successfully in 4.9s
Building: Running TypeScript ...
Building: Finished TypeScript in 3.5s ...
Building: Collecting page data using 3 workers ...
Building: Generating static pages using 3 workers (0/4) ...
Building: Generating static pages using 3 workers (1/4)
Building: Generating static pages using 3 workers (2/4)
Building: Generating static pages using 3 workers (3/4)
Building: ✓ Generating static pages using 3 workers (4/4) in 210ms
Building: Finalizing page optimization ...
Building: Running onBuildComplete from Vercel
Building: Route (app)
Building: ┌ ○ /
Building: └ ○ /_not-found
Building: ○  (Static)  prerendered as static content
Building: Build Completed in /vercel/output [13s]
Building: Deploying outputs...
[2K[1A[2K[GProduction: https://the-new-physician-ao4wj5424-saggarsonny-3909s-projects.vercel.app [24s]
Completing...
Aliased: https://newphysician.org [24s]
{
  "status": "ok",
  "deployment": {
    "id": "dpl_HoSZ9a7mtKphMwGo7tFWbtAcFjSK",
    "url": "https://the-new-physician-ao4wj5424-saggarsonny-3909s-projects.vercel.app",
    "inspectorUrl": "https://vercel.com/saggarsonny-3909s-projects/the-new-physician/HoSZ9a7mtKphMwGo7tFWbtAcFjSK",
    "readyState": "READY",
    "target": "production",
    "deploymentApiUrl": "https://api.vercel.com/v13/deployments/dpl_HoSZ9a7mtKphMwGo7tFWbtAcFjSK"
  },
  "message": "Deployment the-new-physician-ao4wj5424-saggarsonny-3909s-projects.vercel.app ready.",
  "next": [
    {
      "command": "vercel inspect the-new-physician-ao4wj5424-saggarsonny-3909s-projects.vercel.app",
      "when": "Inspect deployment"
    },
    {
      "command": "vercel deploy --prod",
      "when": "Promote to production"
    }
  ]
}
