Retrieving project…
Deploying saggarsonny-3909s-projects/the-new-physician
Uploading [--------------------] (0.0B/241.1KB)
Uploading [=====---------------] (64.9KB/241.1KB)
Uploading [==========----------] (126.5KB/241.1KB)
Uploading [===============-----] (190.5KB/241.1KB)
Uploading [====================] (241.1KB/241.1KB)
Inspect: https://vercel.com/saggarsonny-3909s-projects/the-new-physician/E6xFqMxvvsBRmugy5r6STSLwhHtm [2s]
Production: https://the-new-physician-2gdd8e69t-saggarsonny-3909s-projects.vercel.app [2s]
Building...
Building...
Building: Running build in Washington, D.C., USA (East) – iad1
Building: Build machine configuration: 4 cores, 8 GB
Building: Retrieving list of deployment files...
Building: Previous build caches not available.
Building: Downloading 20 deployment files...
Building: Running "vercel build"
Building: Vercel CLI 53.3.2
Building: Installing dependencies...
Building: added 364 packages in 15s
Building: 143 packages are looking for funding
Building: run `npm fund` for details
Building: Detected Next.js version: 16.2.6
Building: Running "npm run build"
Building: > the-new-physician@0.1.0 build
Building: > next build
Building: Applying modifyConfig from Vercel
Building: Attention: Next.js now collects completely anonymous telemetry regarding usage.
Building: This information is used to shape Next.js' roadmap and prioritize features.
Building: You can learn more, including how to opt-out if you'd not like to participate in this anonymous program, by visiting the following URL:
Building: https://nextjs.org/telemetry
Building: ▲ Next.js 16.2.6 (Turbopack)
Building: Creating an optimized production build ...
Building: ✓ Compiled successfully in 4.4s
Building: Running TypeScript ...
Building: Finished TypeScript in 3.4s ...
Building: Collecting page data using 3 workers ...
Building: Generating static pages using 3 workers (0/4) ...
Building: Generating static pages using 3 workers (1/4)
Building: Generating static pages using 3 workers (2/4)
Building: Generating static pages using 3 workers (3/4)
Building: ✓ Generating static pages using 3 workers (4/4) in 205ms
Building: Finalizing page optimization ...
Building: Running onBuildComplete from Vercel
Building: Route (app)
Building: ┌ ○ /
Building: └ ○ /_not-found
Building: ○  (Static)  prerendered as static content
Building: Build Completed in /vercel/output [26s]
Building: Deploying outputs...
Building: Deployment completed
Building: Creating build cache...
[2K[1A[2K[GProduction: https://the-new-physician-2gdd8e69t-saggarsonny-3909s-projects.vercel.app [44s]
Completing...
Aliased: https://newphysician.org [44s]
{
  "status": "ok",
  "deployment": {
    "id": "dpl_E6xFqMxvvsBRmugy5r6STSLwhHtm",
    "url": "https://the-new-physician-2gdd8e69t-saggarsonny-3909s-projects.vercel.app",
    "inspectorUrl": "https://vercel.com/saggarsonny-3909s-projects/the-new-physician/E6xFqMxvvsBRmugy5r6STSLwhHtm",
    "readyState": "READY",
    "target": "production",
    "deploymentApiUrl": "https://api.vercel.com/v13/deployments/dpl_E6xFqMxvvsBRmugy5r6STSLwhHtm"
  },
  "message": "Deployment the-new-physician-2gdd8e69t-saggarsonny-3909s-projects.vercel.app ready.",
  "next": [
    {
      "command": "vercel inspect the-new-physician-2gdd8e69t-saggarsonny-3909s-projects.vercel.app",
      "when": "Inspect deployment"
    },
    {
      "command": "vercel deploy --prod",
      "when": "Promote to production"
    }
  ]
}
