Retrieving project…
Deploying saggarsonny-3909s-projects/hive-cv
Uploading [--------------------] (0.0B/11KB)
Uploading [==============------] (8.0KB/11KB)
Uploading [====================] (11.0KB/11KB)
Inspect: https://vercel.com/saggarsonny-3909s-projects/hive-cv/3p1KT3JPmEgnGK9bC6exdLPshMMS [2s]
Production: https://hive-9f3yw8pf8-saggarsonny-3909s-projects.vercel.app [2s]
Building...
Building: Running build in Washington, D.C., USA (East) – iad1
Building: Build machine configuration: 4 cores, 8 GB
Building: Build machine configuration: 4 cores, 8 GB
Building: Retrieving list of deployment files...
Building: Downloading 27 deployment files...
Building: Restored build cache from previous deployment (CiadoduCQjs1Cj5fPYSStjknopj5)
Building: Running "vercel build"
Building: Vercel CLI 53.3.2
Building: Installing dependencies...
Building: up to date in 882ms
Building: 143 packages are looking for funding
Building: run `npm fund` for details
Building: Detected Next.js version: 16.2.6
Building: Running "npm run build"
Building: > hive-cv@0.1.0 build
Building: > next build
Building: Applying modifyConfig from Vercel
Building: ▲ Next.js 16.2.6 (Turbopack)
Building: Creating an optimized production build ...
Building: ✓ Compiled successfully in 3.7s
Building: Running TypeScript ...
Building: Finished TypeScript in 3.0s ...
Building: Collecting page data using 3 workers ...
Building: Generating static pages using 3 workers (0/6) ...
Building: Generating static pages using 3 workers (1/6)
Building: Generating static pages using 3 workers (2/6)
Building: Generating static pages using 3 workers (4/6)
Building: ✓ Generating static pages using 3 workers (6/6) in 192ms
Building: Finalizing page optimization ...
Building: Running onBuildComplete from Vercel
Building: Route (app)
Building: ┌ ○ /
Building: ├ ○ /_not-found
Building: ├ ƒ /api/parse-cv
Building: └ ○ /icon.png
Building: ○  (Static)   prerendered as static content
Building: ƒ  (Dynamic)  server-rendered on demand
Building: Build Completed in /vercel/output [10s]
Building: Deploying outputs...
[2K[1A[2K[GProduction: https://hive-9f3yw8pf8-saggarsonny-3909s-projects.vercel.app [23s]
Completing...
Aliased: https://cv.hive.baby [23s]
{
  "status": "ok",
  "deployment": {
    "id": "dpl_3p1KT3JPmEgnGK9bC6exdLPshMMS",
    "url": "https://hive-9f3yw8pf8-saggarsonny-3909s-projects.vercel.app",
    "inspectorUrl": "https://vercel.com/saggarsonny-3909s-projects/hive-cv/3p1KT3JPmEgnGK9bC6exdLPshMMS",
    "readyState": "READY",
    "target": "production",
    "deploymentApiUrl": "https://api.vercel.com/v13/deployments/dpl_3p1KT3JPmEgnGK9bC6exdLPshMMS"
  },
  "message": "Deployment hive-9f3yw8pf8-saggarsonny-3909s-projects.vercel.app ready.",
  "next": [
    {
      "command": "vercel inspect hive-9f3yw8pf8-saggarsonny-3909s-projects.vercel.app",
      "when": "Inspect deployment"
    },
    {
      "command": "vercel deploy --prod",
      "when": "Promote to production"
    }
  ]
}
