Retrieving project…
Deploying saggarsonny-3909s-projects/hive-cv
Uploading [--------------------] (0.0B/12.8KB)
Uploading [====================] (12.8KB/12.8KB)
Inspect: https://vercel.com/saggarsonny-3909s-projects/hive-cv/2Sfa4yzi3Ph3GAdCSHvJK49YiWw2 [2s]
Production: https://hive-a1q86kewy-saggarsonny-3909s-projects.vercel.app [2s]
Building...
Building...
Building: Running build in Washington, D.C., USA (East) – iad1
Building: Build machine configuration: 4 cores, 8 GB
Building: Retrieving list of deployment files...
Building: Downloading 28 deployment files...
Building: Restored build cache from previous deployment (3p1KT3JPmEgnGK9bC6exdLPshMMS)
Building: Running "vercel build"
Building: Vercel CLI 53.3.2
Building: Installing dependencies...
Building: up to date in 743ms
Building: 143 packages are looking for funding
Building: run `npm fund` for details
Building: Detected Next.js version: 16.2.6
Building: Running "npm run build"
Building: > hive-cv@0.1.0 build
Building: > next build
Building: Applying modifyConfig from Vercel
Building: ▲ Next.js 16.2.6 (Turbopack)
Building: Creating an optimized production build ...
Building: ✓ Compiled successfully in 2.8s
Building: Running TypeScript ...
Building: Finished TypeScript in 2.3s ...
Building: Collecting page data using 3 workers ...
Building: Generating static pages using 3 workers (0/6) ...
Building: Generating static pages using 3 workers (1/6)
Building: Generating static pages using 3 workers (2/6)
Building: Generating static pages using 3 workers (4/6)
Building: ✓ Generating static pages using 3 workers (6/6) in 151ms
Building: Finalizing page optimization ...
Building: Running onBuildComplete from Vercel
Building: Route (app)
Building: ┌ ○ /
Building: ├ ○ /_not-found
Building: ├ ƒ /api/parse-cv
Building: └ ○ /icon.png
Building: ○  (Static)   prerendered as static content
Building: ƒ  (Dynamic)  server-rendered on demand
Building: Build Completed in /vercel/output [9s]
Building: Deploying outputs...
Building: Deployment completed
Building: Creating build cache...
[2K[1A[2K[GProduction: https://hive-a1q86kewy-saggarsonny-3909s-projects.vercel.app [22s]
Completing...
Aliased: https://cv.hive.baby [22s]
{
  "status": "ok",
  "deployment": {
    "id": "dpl_2Sfa4yzi3Ph3GAdCSHvJK49YiWw2",
    "url": "https://hive-a1q86kewy-saggarsonny-3909s-projects.vercel.app",
    "inspectorUrl": "https://vercel.com/saggarsonny-3909s-projects/hive-cv/2Sfa4yzi3Ph3GAdCSHvJK49YiWw2",
    "readyState": "READY",
    "target": "production",
    "deploymentApiUrl": "https://api.vercel.com/v13/deployments/dpl_2Sfa4yzi3Ph3GAdCSHvJK49YiWw2"
  },
  "message": "Deployment hive-a1q86kewy-saggarsonny-3909s-projects.vercel.app ready.",
  "next": [
    {
      "command": "vercel inspect hive-a1q86kewy-saggarsonny-3909s-projects.vercel.app",
      "when": "Inspect deployment"
    },
    {
      "command": "vercel deploy --prod",
      "when": "Promote to production"
    }
  ]
}
