Retrieving project…
Deploying saggarsonny-3909s-projects/hive-cv
Uploading [--------------------] (0.0B/13.2KB)
Uploading [====================] (13.2KB/13.2KB)
Inspect: https://vercel.com/saggarsonny-3909s-projects/hive-cv/AbRWkAw9xpu31C5dyWfpYHgmdpsT [2s]
Production: https://hive-ptcjvjdj3-saggarsonny-3909s-projects.vercel.app [2s]
Building...
Building...
Building: Running build in Washington, D.C., USA (East) – iad1
Building: Build machine configuration: 4 cores, 8 GB
Building: Retrieving list of deployment files...
Building: Downloading 29 deployment files...
Building: Restored build cache from previous deployment (2Sfa4yzi3Ph3GAdCSHvJK49YiWw2)
Building: Running "vercel build"
Building: Vercel CLI 53.3.2
Building: Installing dependencies...
Building: up to date in 894ms
Building: 143 packages are looking for funding
Building: run `npm fund` for details
Building: Detected Next.js version: 16.2.6
Building: Running "npm run build"
Building: > hive-cv@0.1.0 build
Building: > next build
Building: Applying modifyConfig from Vercel
Building: ▲ Next.js 16.2.6 (Turbopack)
Building: Creating an optimized production build ...
Building: ✓ Compiled successfully in 3.6s
Building: Running TypeScript ...
{
  "status": "error",
  "reason": "deploy_failed",
  "message": "Command \"npm run build\" exited with 1",
  "next": [
    {
      "command": "vercel deploy",
      "when": "retry deploy"
    }
  ]
}
Error: Command "npm run build" exited with 1
